  lab02_wietrzynska.c
c:\work\uksw_projects\project2\lab02\lab02_wietrzynska.c(9): warning C4477: 'printf' : format string '%f' requires an argument of type 'double', but variadic argument 1 has type 'int'
c:\work\uksw_projects\project2\lab02\lab02_wietrzynska.c(10): warning C4477: 'printf' : format string '%e' requires an argument of type 'double', but variadic argument 1 has type 'int'
c:\work\uksw_projects\project2\lab02\lab02_wietrzynska.c(11): warning C4477: 'printf' : format string '%g' requires an argument of type 'double', but variadic argument 1 has type 'int'
c:\work\uksw_projects\project2\lab02\lab02_wietrzynska.c(12): warning C4477: 'printf' : format string '%s' requires an argument of type 'char *', but variadic argument 1 has type 'int'
c:\work\uksw_projects\project2\lab02\lab02_wietrzynska.c(22): error C2084: function 'int main()' already has a body
  c:\work\uksw_projects\project2\lab02\lab02_wietrzynska.c(4): note: see previous definition of 'main'
c:\work\uksw_projects\project2\lab02\lab02_wietrzynska.c(23): warning C4477: 'printf' : format string '%d' requires an argument of type 'int', but variadic argument 1 has type 'double'
c:\work\uksw_projects\project2\lab02\lab02_wietrzynska.c(24): warning C4477: 'printf' : format string '%o' requires an argument of type 'unsigned int', but variadic argument 1 has type 'double'
c:\work\uksw_projects\project2\lab02\lab02_wietrzynska.c(25): warning C4477: 'printf' : format string '%u' requires an argument of type 'unsigned int', but variadic argument 1 has type 'double'
c:\work\uksw_projects\project2\lab02\lab02_wietrzynska.c(29): warning C4477: 'printf' : format string '%s' requires an argument of type 'char *', but variadic argument 1 has type 'double'
c:\work\uksw_projects\project2\lab02\lab02_wietrzynska.c(46): warning C4477: 'printf' : format string '%d' requires an argument of type 'int', but variadic argument 1 has type 'double'
c:\work\uksw_projects\project2\lab02\lab02_wietrzynska.c(57): error C3873: '0x2019': this character is not allowed as a first character of an identifier
c:\work\uksw_projects\project2\lab02\lab02_wietrzynska.c(57): error C3872: '0x2019': this character is not allowed in an identifier
c:\work\uksw_projects\project2\lab02\lab02_wietrzynska.c(57): error C2065: '’ala’': undeclared identifier
c:\work\uksw_projects\project2\lab02\lab02_wietrzynska.c(57): warning C4477: 'printf' : format string '%s' requires an argument of type 'char *', but variadic argument 1 has type 'int'
c:\work\uksw_projects\project2\lab02\lab02_wietrzynska.c(58): error C2065: 'ala': undeclared identifier
c:\work\uksw_projects\project2\lab02\lab02_wietrzynska.c(58): warning C4477: 'printf' : format string '%s' requires an argument of type 'char *', but variadic argument 1 has type 'int'
c:\work\uksw_projects\project2\lab02\lab02_wietrzynska.c(59): warning C4473: 'printf' : not enough arguments passed for format string
  c:\work\uksw_projects\project2\lab02\lab02_wietrzynska.c(59): note: placeholders and their parameters expect 1 variadic arguments, but 0 were provided
  c:\work\uksw_projects\project2\lab02\lab02_wietrzynska.c(59): note: the missing variadic argument 1 is required by format string '%s'
c:\work\uksw_projects\project2\lab02\lab02_wietrzynska.c(61): error C3873: '0x2019': this character is not allowed as a first character of an identifier
c:\work\uksw_projects\project2\lab02\lab02_wietrzynska.c(61): error C3872: '0x2019': this character is not allowed in an identifier
c:\work\uksw_projects\project2\lab02\lab02_wietrzynska.c(61): error C2065: '’5’': undeclared identifier
c:\work\uksw_projects\project2\lab02\lab02_wietrzynska.c(61): warning C4477: 'printf' : format string '%s' requires an argument of type 'char *', but variadic argument 1 has type 'int'
c:\work\uksw_projects\project2\lab02\lab02_wietrzynska.c(62): warning C4477: 'printf' : format string '%s' requires an argument of type 'char *', but variadic argument 1 has type 'int'
